c:\users\danst\source\repos\ticket_application\ticket_application\debug\ticket_application.pch
c:\users\danst\source\repos\ticket_application\ticket_application\debug\vc142.pdb
c:\users\danst\source\repos\ticket_application\ticket_application\debug\vc142.idb
c:\users\danst\source\repos\ticket_application\ticket_application\debug\pch.obj
c:\users\danst\source\repos\ticket_application\ticket_application\debug\viewticketinformation.obj
c:\users\danst\source\repos\ticket_application\ticket_application\debug\vehicle1.obj
c:\users\danst\source\repos\ticket_application\ticket_application\debug\train1.obj
c:\users\danst\source\repos\ticket_application\ticket_application\debug\ticket_applicationdlg.obj
c:\users\danst\source\repos\ticket_application\ticket_application\debug\ticket_application.obj
c:\users\danst\source\repos\ticket_application\ticket_application\debug\ticket1.obj
c:\users\danst\source\repos\ticket_application\ticket_application\debug\taxi1.obj
c:\users\danst\source\repos\ticket_application\ticket_application\debug\serialize.obj
c:\users\danst\source\repos\ticket_application\ticket_application\debug\sea1.obj
c:\users\danst\source\repos\ticket_application\ticket_application\debug\orderticket.obj
c:\users\danst\source\repos\ticket_application\ticket_application\debug\mytickets2.obj
c:\users\danst\source\repos\ticket_application\ticket_application\debug\man_nl1.obj
c:\users\danst\source\repos\ticket_application\ticket_application\debug\ground1.obj
c:\users\danst\source\repos\ticket_application\ticket_application\debug\goldenqueen1.obj
c:\users\danst\source\repos\ticket_application\ticket_application\debug\existingvehicles.obj
c:\users\danst\source\repos\ticket_application\ticket_application\debug\deletevehicledlg.obj
c:\users\danst\source\repos\ticket_application\ticket_application\debug\boeing7371.obj
c:\users\danst\source\repos\ticket_application\ticket_application\debug\aerial1.obj
c:\users\danst\source\repos\ticket_application\ticket_application\debug\add_vehicle_window.obj
c:\users\danst\source\repos\ticket_application\debug\ticket_application.exe
c:\users\danst\source\repos\ticket_application\debug\ticket_application.ilk
c:\users\danst\source\repos\ticket_application\debug\ticket_application.pdb
c:\users\danst\source\repos\ticket_application\ticket_application\debug\ticketapplication.res
c:\users\danst\source\repos\ticket_application\ticket_application\debug\ticket_a.0249f75b.tlog\cl.command.1.tlog
c:\users\danst\source\repos\ticket_application\ticket_application\debug\ticket_a.0249f75b.tlog\cl.read.1.tlog
c:\users\danst\source\repos\ticket_application\ticket_application\debug\ticket_a.0249f75b.tlog\cl.write.1.tlog
c:\users\danst\source\repos\ticket_application\ticket_application\debug\ticket_a.0249f75b.tlog\link.command.1.tlog
c:\users\danst\source\repos\ticket_application\ticket_application\debug\ticket_a.0249f75b.tlog\link.read.1.tlog
c:\users\danst\source\repos\ticket_application\ticket_application\debug\ticket_a.0249f75b.tlog\link.write.1.tlog
c:\users\danst\source\repos\ticket_application\ticket_application\debug\ticket_a.0249f75b.tlog\rc.command.1.tlog
c:\users\danst\source\repos\ticket_application\ticket_application\debug\ticket_a.0249f75b.tlog\rc.read.1.tlog
c:\users\danst\source\repos\ticket_application\ticket_application\debug\ticket_a.0249f75b.tlog\rc.write.1.tlog
