c:\users\danst\source\repos\ticket_application\ticket_application\release\ticket_application.pch
c:\users\danst\source\repos\ticket_application\ticket_application\release\vc142.pdb
c:\users\danst\source\repos\ticket_application\ticket_application\release\pch.obj
c:\users\danst\source\repos\ticket_application\ticket_application\release\viewticketinformation.obj
c:\users\danst\source\repos\ticket_application\ticket_application\release\vehicle1.obj
c:\users\danst\source\repos\ticket_application\ticket_application\release\train1.obj
c:\users\danst\source\repos\ticket_application\ticket_application\release\ticket_applicationdlg.obj
c:\users\danst\source\repos\ticket_application\ticket_application\release\ticket_application.obj
c:\users\danst\source\repos\ticket_application\ticket_application\release\ticket1.obj
c:\users\danst\source\repos\ticket_application\ticket_application\release\taxi1.obj
c:\users\danst\source\repos\ticket_application\ticket_application\release\serialize.obj
c:\users\danst\source\repos\ticket_application\ticket_application\release\sea1.obj
c:\users\danst\source\repos\ticket_application\ticket_application\release\orderticket.obj
c:\users\danst\source\repos\ticket_application\ticket_application\release\mytickets2.obj
c:\users\danst\source\repos\ticket_application\ticket_application\release\man_nl1.obj
c:\users\danst\source\repos\ticket_application\ticket_application\release\ground1.obj
c:\users\danst\source\repos\ticket_application\ticket_application\release\goldenqueen1.obj
c:\users\danst\source\repos\ticket_application\ticket_application\release\existingvehicles.obj
c:\users\danst\source\repos\ticket_application\ticket_application\release\deletevehicledlg.obj
c:\users\danst\source\repos\ticket_application\ticket_application\release\boeing7371.obj
c:\users\danst\source\repos\ticket_application\ticket_application\release\aerial1.obj
c:\users\danst\source\repos\ticket_application\ticket_application\release\add_vehicle_window.obj
c:\users\danst\source\repos\ticket_application\release\ticket_application.exe
c:\users\danst\source\repos\ticket_application\release\ticket_application.pdb
c:\users\danst\source\repos\ticket_application\ticket_application\release\ticketapplication.res
c:\users\danst\source\repos\ticket_application\release\ticket_application.ipdb
c:\users\danst\source\repos\ticket_application\release\ticket_application.iobj
c:\users\danst\source\repos\ticket_application\ticket_application\release\ticket_a.0249f75b.tlog\cl.command.1.tlog
c:\users\danst\source\repos\ticket_application\ticket_application\release\ticket_a.0249f75b.tlog\cl.read.1.tlog
c:\users\danst\source\repos\ticket_application\ticket_application\release\ticket_a.0249f75b.tlog\cl.write.1.tlog
c:\users\danst\source\repos\ticket_application\ticket_application\release\ticket_a.0249f75b.tlog\link.command.1.tlog
c:\users\danst\source\repos\ticket_application\ticket_application\release\ticket_a.0249f75b.tlog\link.delete.1.tlog
c:\users\danst\source\repos\ticket_application\ticket_application\release\ticket_a.0249f75b.tlog\link.read.1.tlog
c:\users\danst\source\repos\ticket_application\ticket_application\release\ticket_a.0249f75b.tlog\link.write.1.tlog
c:\users\danst\source\repos\ticket_application\ticket_application\release\ticket_a.0249f75b.tlog\rc.command.1.tlog
c:\users\danst\source\repos\ticket_application\ticket_application\release\ticket_a.0249f75b.tlog\rc.read.1.tlog
c:\users\danst\source\repos\ticket_application\ticket_application\release\ticket_a.0249f75b.tlog\rc.write.1.tlog
c:\users\danst\source\repos\ticket_application\ticket_application\release\ticket_a.0249f75b.tlog\ticket_application.write.1u.tlog
